<?xml version="1.0" encoding="UTF-8"?>
<!-- Generated by org.testng.reporters.JUnitReportReporter -->
<testsuite hostname="DESKTOP-0LUVACA" failures="0" tests="1" name="test.Tut2" time="0.005" errors="0" timestamp="2022-01-13T15:57:07 IST" skipped="0">
  <testcase classname="test.Tut2" name="Demo3" time="0.005"/>
  <system-out/>
</testsuite> <!-- test.Tut2 -->
