<?xml version="1.0" encoding="UTF-8"?>
<!-- Generated by org.testng.reporters.JUnitReportReporter -->
<testsuite hostname="DESKTOP-0LUVACA" failures="0" tests="4" name="test.CarLoan" time="0.008" errors="0" timestamp="2022-01-13T15:57:07 IST" skipped="0">
  <testcase classname="test.CarLoan" name="WebCarLogin" time="0.002"/>
  <system-out/>
  <testcase classname="test.CarLoan" name="WebCarLogin" time="0.002"/>
  <system-out/>
  <testcase classname="test.CarLoan" name="GuestUserCar" time="0.002"/>
  <system-out/>
  <testcase classname="test.CarLoan" name="WebCarLogin" time="0.002"/>
  <system-out/>
</testsuite> <!-- test.CarLoan -->
