<?xml version="1.0" encoding="UTF-8"?>
<!-- Generated by org.testng.reporters.JUnitReportReporter -->
<testsuite hostname="DESKTOP-0LUVACA" failures="0" tests="4" name="test.HomeLoan" time="0.006" errors="0" timestamp="2022-01-13T15:57:07 IST" skipped="0">
  <testcase classname="test.HomeLoan" name="MobileHomeLogin" time="0.001"/>
  <system-out/>
  <testcase classname="test.HomeLoan" name="GuestUserHome" time="0.001"/>
  <system-out/>
  <testcase classname="test.HomeLoan" name="WebHomeLogin" time="0.002"/>
  <system-out/>
  <testcase classname="test.HomeLoan" name="MobileHomeSecond" time="0.002"/>
  <system-out/>
</testsuite> <!-- test.HomeLoan -->
